<?xml version="1.0" encoding="UTF-8"?>
<!-- Generated by org.testng.reporters.JUnitReportReporter -->
<testsuite hostname="MSI" failures="0" tests="5" name="cucumber.stepdefinitions.starhealth_testng" time="25.747" errors="0" timestamp="2024-01-03T18:46:20 IST" skipped="0">
  <testcase classname="cucumber.stepdefinitions.starhealth_testng" name="yourTest" time="0.055"/>
  <system-out/>
  <testcase classname="cucumber.stepdefinitions.starhealth_testng" name="hovercursor" time="0.463"/>
  <system-out/>
  <testcase classname="cucumber.stepdefinitions.starhealth_testng" name="enterFamilyDetails" time="3.504"/>
  <system-out/>
  <testcase classname="cucumber.stepdefinitions.starhealth_testng" name="validateSocialMediaLinks" time="1.108"/>
  <system-out/>
  <testcase classname="cucumber.stepdefinitions.starhealth_testng" name="validateTwitterPage" time="20.617"/>
  <system-out/>
</testsuite> <!-- cucumber.stepdefinitions.starhealth_testng -->
