<?xml version="1.0" encoding="UTF-8"?>
<!-- Generated by org.testng.reporters.JUnitReportReporter -->
<testsuite hostname="MSI" failures="0" tests="1" name="cucumber.stepdefinitions.testnglinks" time="8.452" errors="0" timestamp="2024-01-04T09:54:18 IST" skipped="0">
  <testcase classname="cucumber.stepdefinitions.testnglinks" name="displayAllLinks" time="8.452"/>
  <system-out/>
</testsuite> <!-- cucumber.stepdefinitions.testnglinks -->
